  main.cpp
..\..\source\main.cpp(131): warning C4996: 'fopen': This function or variable may be unsafe. Consider using fopen_s instead. To disable deprecation, use _CRT_SECURE_NO_WARNINGS. See online help for details.
  C:\Program Files (x86)\Windows Kits\10\Include\10.0.10240.0\ucrt\stdio.h(205): note: 請參閱 'fopen' 的宣告
..\..\source\main.cpp(236): warning C4018: '<': signed/unsigned 不相符
..\..\source\main.cpp(262): warning C4018: '<': signed/unsigned 不相符
..\..\source\main.cpp(279): warning C4244: '正在初始化': 將 'double' 轉換為 'float'，由於類型不同，可能導致資料遺失
..\..\source\main.cpp(280): warning C4244: '正在初始化': 將 'double' 轉換為 'float'，由於類型不同，可能導致資料遺失
..\..\source\main.cpp(289): warning C4244: '正在初始化': 將 'double' 轉換為 'float'，由於類型不同，可能導致資料遺失
..\..\source\main.cpp(290): warning C4244: '正在初始化': 將 'double' 轉換為 'float'，由於類型不同，可能導致資料遺失
..\..\source\main.cpp(361): warning C4244: '=': 將 'double' 轉換為 'float'，由於類型不同，可能導致資料遺失
..\..\source\main.cpp(366): warning C4244: '正在初始化': 將 'double' 轉換為 'float'，由於類型不同，可能導致資料遺失
..\..\source\main.cpp(376): warning C4244: '=': 將 'double' 轉換為 'float'，由於類型不同，可能導致資料遺失
  tiny_obj_loader.cc
..\..\source\tiny_obj_loader.cc(461): warning C4996: 'sscanf': This function or variable may be unsafe. Consider using sscanf_s instead. To disable deprecation, use _CRT_SECURE_NO_WARNINGS. See online help for details.
  C:\Program Files (x86)\Windows Kits\10\Include\10.0.10240.0\ucrt\stdio.h(2254): note: 請參閱 'sscanf' 的宣告
..\..\source\tiny_obj_loader.cc(748): warning C4996: 'sscanf': This function or variable may be unsafe. Consider using sscanf_s instead. To disable deprecation, use _CRT_SECURE_NO_WARNINGS. See online help for details.
  C:\Program Files (x86)\Windows Kits\10\Include\10.0.10240.0\ucrt\stdio.h(2254): note: 請參閱 'sscanf' 的宣告
..\..\source\tiny_obj_loader.cc(771): warning C4996: 'sscanf': This function or variable may be unsafe. Consider using sscanf_s instead. To disable deprecation, use _CRT_SECURE_NO_WARNINGS. See online help for details.
  C:\Program Files (x86)\Windows Kits\10\Include\10.0.10240.0\ucrt\stdio.h(2254): note: 請參閱 'sscanf' 的宣告
..\..\source\tiny_obj_loader.cc(833): warning C4996: 'sscanf': This function or variable may be unsafe. Consider using sscanf_s instead. To disable deprecation, use _CRT_SECURE_NO_WARNINGS. See online help for details.
  C:\Program Files (x86)\Windows Kits\10\Include\10.0.10240.0\ucrt\stdio.h(2254): note: 請參閱 'sscanf' 的宣告
  正在產生程式碼
  1601 of 1607 functions (99.6%) were compiled, the rest were copied from previous compilation.
    5 functions were new in current compilation
    0 functions had inline decision re-evaluated but remain unchanged
  已完成程式碼產生
  ConsoleApplication.vcxproj -> C:\Users\user\Desktop\HW3_F64051114_陳俊宇\build\Release\ConsoleApplication.exe
  ConsoleApplication.vcxproj -> C:\Users\user\Desktop\HW3_F64051114_陳俊宇\build\Release\ConsoleApplication.pdb (Full PDB)
